2019-12-10 13:38:41,881 INFO  [restartedMain] AuditApplication: Starting AuditApplication on tbl013 with PID 5056 (/home/exp.exactpro.com/lasha.kapanadze/Desktop/aeeee/confirmation/target/classes started by lasha.kapanadze in /home/exp.exactpro.com/lasha.kapanadze/Desktop/aeeee/confirmation)
2019-12-10 13:38:41,893 DEBUG [restartedMain] AuditApplication: Running with Spring Boot v2.2.1.RELEASE, Spring v5.2.1.RELEASE
2019-12-10 13:38:41,895 INFO  [restartedMain] AuditApplication: No active profile set, falling back to default profiles: default
2019-12-10 13:38:46,686 DEBUG [restartedMain] InternalLoggerFactory: Using SLF4J as the default logging framework
2019-12-10 13:38:53,713 DEBUG [restartedMain] AsyncConfiguration: Creating Async Task Executor
2019-12-10 13:38:55,007 INFO  [restartedMain] AuditApplication: Started AuditApplication in 16.091 seconds (JVM running for 19.589)
2019-12-10 17:21:37,003 INFO  [restartedMain] AuditApplication: Starting AuditApplication on tbl013 with PID 2861 (/home/exp.exactpro.com/lasha.kapanadze/Desktop/aeeee/confirmation/target/classes started by lasha.kapanadze in /home/exp.exactpro.com/lasha.kapanadze/Desktop/aeeee/confirmation)
2019-12-10 17:21:37,005 DEBUG [restartedMain] AuditApplication: Running with Spring Boot v2.2.1.RELEASE, Spring v5.2.1.RELEASE
2019-12-10 17:21:37,006 INFO  [restartedMain] AuditApplication: No active profile set, falling back to default profiles: default
2019-12-10 17:21:38,352 DEBUG [restartedMain] InternalLoggerFactory: Using SLF4J as the default logging framework
2019-12-10 17:21:40,322 DEBUG [restartedMain] AsyncConfiguration: Creating Async Task Executor
2019-12-10 17:21:41,217 INFO  [restartedMain] AuditApplication: Started AuditApplication in 4.663 seconds (JVM running for 5.147)
2019-12-10 17:22:34,598 INFO  [restartedMain] AuditApplication: Starting AuditApplication on tbl013 with PID 3087 (/home/exp.exactpro.com/lasha.kapanadze/Desktop/aeeee/confirmation/target/classes started by lasha.kapanadze in /home/exp.exactpro.com/lasha.kapanadze/Desktop/aeeee/confirmation)
2019-12-10 17:22:34,601 DEBUG [restartedMain] AuditApplication: Running with Spring Boot v2.2.1.RELEASE, Spring v5.2.1.RELEASE
2019-12-10 17:22:34,601 INFO  [restartedMain] AuditApplication: No active profile set, falling back to default profiles: default
2019-12-10 17:22:35,964 DEBUG [restartedMain] InternalLoggerFactory: Using SLF4J as the default logging framework
2019-12-10 17:22:37,828 DEBUG [restartedMain] AsyncConfiguration: Creating Async Task Executor
2019-12-10 17:22:38,766 INFO  [restartedMain] AuditApplication: Started AuditApplication in 4.669 seconds (JVM running for 5.076)
2019-12-10 17:24:28,559 INFO  [restartedMain] AuditApplication: Starting AuditApplication on tbl013 with PID 3468 (/home/exp.exactpro.com/lasha.kapanadze/Desktop/aeeee/confirmation/target/classes started by lasha.kapanadze in /home/exp.exactpro.com/lasha.kapanadze/Desktop/aeeee/confirmation)
2019-12-10 17:24:28,561 DEBUG [restartedMain] AuditApplication: Running with Spring Boot v2.2.1.RELEASE, Spring v5.2.1.RELEASE
2019-12-10 17:24:28,562 INFO  [restartedMain] AuditApplication: No active profile set, falling back to default profiles: default
2019-12-10 17:24:29,961 DEBUG [restartedMain] InternalLoggerFactory: Using SLF4J as the default logging framework
2019-12-10 17:24:37,884 INFO  [restartedMain] AuditApplication: Starting AuditApplication on tbl013 with PID 3641 (/home/exp.exactpro.com/lasha.kapanadze/Desktop/aeeee/confirmation/target/classes started by lasha.kapanadze in /home/exp.exactpro.com/lasha.kapanadze/Desktop/aeeee/confirmation)
2019-12-10 17:24:37,886 DEBUG [restartedMain] AuditApplication: Running with Spring Boot v2.2.1.RELEASE, Spring v5.2.1.RELEASE
2019-12-10 17:24:37,886 INFO  [restartedMain] AuditApplication: No active profile set, falling back to default profiles: default
2019-12-10 17:24:39,236 DEBUG [restartedMain] InternalLoggerFactory: Using SLF4J as the default logging framework
2019-12-10 17:24:41,175 DEBUG [restartedMain] AsyncConfiguration: Creating Async Task Executor
2019-12-10 17:24:42,071 INFO  [restartedMain] AuditApplication: Started AuditApplication in 4.672 seconds (JVM running for 5.081)
2019-12-10 17:26:48,802 INFO  [restartedMain] AuditApplication: Starting AuditApplication on tbl013 with PID 4040 (/home/exp.exactpro.com/lasha.kapanadze/Desktop/aeeee/confirmation/target/classes started by lasha.kapanadze in /home/exp.exactpro.com/lasha.kapanadze/Desktop/aeeee/confirmation)
2019-12-10 17:26:48,804 DEBUG [restartedMain] AuditApplication: Running with Spring Boot v2.2.1.RELEASE, Spring v5.2.1.RELEASE
2019-12-10 17:26:48,804 INFO  [restartedMain] AuditApplication: No active profile set, falling back to default profiles: default
2019-12-10 17:26:50,253 DEBUG [restartedMain] InternalLoggerFactory: Using SLF4J as the default logging framework
2019-12-10 17:26:52,259 DEBUG [restartedMain] AsyncConfiguration: Creating Async Task Executor
2019-12-10 17:26:53,234 INFO  [restartedMain] AuditApplication: Started AuditApplication in 4.849 seconds (JVM running for 5.256)
2019-12-10 17:35:18,840 INFO  [restartedMain] AuditApplication: Starting AuditApplication on tbl013 with PID 5369 (/home/exp.exactpro.com/lasha.kapanadze/Desktop/aeeee/confirmation/target/classes started by lasha.kapanadze in /home/exp.exactpro.com/lasha.kapanadze/Desktop/aeeee/confirmation)
2019-12-10 17:35:18,842 DEBUG [restartedMain] AuditApplication: Running with Spring Boot v2.2.1.RELEASE, Spring v5.2.1.RELEASE
2019-12-10 17:35:18,843 INFO  [restartedMain] AuditApplication: No active profile set, falling back to default profiles: default
2019-12-10 17:35:20,240 DEBUG [restartedMain] InternalLoggerFactory: Using SLF4J as the default logging framework
2019-12-10 17:35:22,116 DEBUG [restartedMain] AsyncConfiguration: Creating Async Task Executor
2019-12-10 17:35:23,032 INFO  [restartedMain] AuditApplication: Started AuditApplication in 4.647 seconds (JVM running for 5.151)
2019-12-10 18:08:07,811 DEBUG [http-nio-8080-exec-4] AuthenticationFilter: Request is to process authentication
2019-12-10 18:09:54,392 DEBUG [http-nio-8080-exec-5] AuthenticationFilter: Request is to process authentication
2019-12-10 18:14:41,481 DEBUG [http-nio-8080-exec-4] AuthenticationFilter: Request is to process authentication
