2019-12-04 12:44:25,340 INFO  [restartedMain] ConfirmationApplication: Starting ConfirmationApplication on tbl013 with PID 14107 (/home/exp.exactpro.com/lasha.kapanadze/Desktop/aeeee/confirmation/target/classes started by lasha.kapanadze in /home/exp.exactpro.com/lasha.kapanadze/Desktop/aeeee/confirmation)
2019-12-04 12:44:25,351 DEBUG [restartedMain] ConfirmationApplication: Running with Spring Boot v2.2.1.RELEASE, Spring v5.2.1.RELEASE
2019-12-04 12:44:25,352 INFO  [restartedMain] ConfirmationApplication: No active profile set, falling back to default profiles: default
2019-12-04 12:44:26,785 DEBUG [restartedMain] InternalLoggerFactory: Using SLF4J as the default logging framework
2019-12-04 12:44:28,161 WARN  [restartedMain] JpaBaseConfiguration$JpaWebConfiguration: spring.jpa.open-in-view is enabled by default. Therefore, database queries may be performed during view rendering. Explicitly configure spring.jpa.open-in-view to disable this warning
2019-12-04 12:44:28,201 WARN  [restartedMain] ThymeleafAutoConfiguration$DefaultTemplateResolverConfiguration: Cannot find template location: classpath:/templates/ (please add some templates or check your Thymeleaf configuration)
2019-12-04 12:44:28,230 WARN  [restartedMain] AnnotationConfigServletWebServerApplicationContext: Exception encountered during context initialization - cancelling refresh attempt: org.springframework.beans.factory.BeanCreationException: Error creating bean with name 'exceptionTranslator': Injection of autowired dependencies failed; nested exception is java.lang.IllegalArgumentException: Could not resolve placeholder 'jhipster.clientApp.name' in value "${jhipster.clientApp.name}"
2019-12-04 12:44:28,271 ERROR [restartedMain] SpringApplication: Application run failed
org.springframework.beans.factory.BeanCreationException: Error creating bean with name 'exceptionTranslator': Injection of autowired dependencies failed; nested exception is java.lang.IllegalArgumentException: Could not resolve placeholder 'jhipster.clientApp.name' in value "${jhipster.clientApp.name}"
	at org.springframework.beans.factory.annotation.AutowiredAnnotationBeanPostProcessor.postProcessProperties(AutowiredAnnotationBeanPostProcessor.java:403)
	at org.springframework.beans.factory.support.AbstractAutowireCapableBeanFactory.populateBean(AbstractAutowireCapableBeanFactory.java:1429)
	at org.springframework.beans.factory.support.AbstractAutowireCapableBeanFactory.doCreateBean(AbstractAutowireCapableBeanFactory.java:594)
	at org.springframework.beans.factory.support.AbstractAutowireCapableBeanFactory.createBean(AbstractAutowireCapableBeanFactory.java:517)
	at org.springframework.beans.factory.support.AbstractBeanFactory.lambda$doGetBean$0(AbstractBeanFactory.java:323)
	at org.springframework.beans.factory.support.DefaultSingletonBeanRegistry.getSingleton(DefaultSingletonBeanRegistry.java:222)
	at org.springframework.beans.factory.support.AbstractBeanFactory.doGetBean(AbstractBeanFactory.java:321)
	at org.springframework.beans.factory.support.AbstractBeanFactory.getBean(AbstractBeanFactory.java:202)
	at org.springframework.beans.factory.support.DefaultListableBeanFactory.preInstantiateSingletons(DefaultListableBeanFactory.java:879)
	at org.springframework.context.support.AbstractApplicationContext.finishBeanFactoryInitialization(AbstractApplicationContext.java:878)
	at org.springframework.context.support.AbstractApplicationContext.refresh(AbstractApplicationContext.java:550)
	at org.springframework.boot.web.servlet.context.ServletWebServerApplicationContext.refresh(ServletWebServerApplicationContext.java:141)
	at org.springframework.boot.SpringApplication.refresh(SpringApplication.java:747)
	at org.springframework.boot.SpringApplication.refreshContext(SpringApplication.java:397)
	at org.springframework.boot.SpringApplication.run(SpringApplication.java:315)
	at org.springframework.boot.SpringApplication.run(SpringApplication.java:1226)
	at org.springframework.boot.SpringApplication.run(SpringApplication.java:1215)
	at com.biwise.confirmation.ConfirmationApplication.main(ConfirmationApplication.java:13)
	at sun.reflect.NativeMethodAccessorImpl.invoke0(Native Method)
	at sun.reflect.NativeMethodAccessorImpl.invoke(NativeMethodAccessorImpl.java:62)
	at sun.reflect.DelegatingMethodAccessorImpl.invoke(DelegatingMethodAccessorImpl.java:43)
	at java.lang.reflect.Method.invoke(Method.java:498)
	at org.springframework.boot.devtools.restart.RestartLauncher.run(RestartLauncher.java:49)
Caused by: java.lang.IllegalArgumentException: Could not resolve placeholder 'jhipster.clientApp.name' in value "${jhipster.clientApp.name}"
	at org.springframework.util.PropertyPlaceholderHelper.parseStringValue(PropertyPlaceholderHelper.java:178)
	at org.springframework.util.PropertyPlaceholderHelper.replacePlaceholders(PropertyPlaceholderHelper.java:124)
	at org.springframework.core.env.AbstractPropertyResolver.doResolvePlaceholders(AbstractPropertyResolver.java:236)
	at org.springframework.core.env.AbstractPropertyResolver.resolveRequiredPlaceholders(AbstractPropertyResolver.java:210)
	at org.springframework.context.support.PropertySourcesPlaceholderConfigurer.lambda$processProperties$0(PropertySourcesPlaceholderConfigurer.java:175)
	at org.springframework.beans.factory.support.AbstractBeanFactory.resolveEmbeddedValue(AbstractBeanFactory.java:908)
	at org.springframework.beans.factory.support.DefaultListableBeanFactory.doResolveDependency(DefaultListableBeanFactory.java:1228)
	at org.springframework.beans.factory.support.DefaultListableBeanFactory.resolveDependency(DefaultListableBeanFactory.java:1207)
	at org.springframework.beans.factory.annotation.AutowiredAnnotationBeanPostProcessor$AutowiredFieldElement.inject(AutowiredAnnotationBeanPostProcessor.java:636)
	at org.springframework.beans.factory.annotation.InjectionMetadata.inject(InjectionMetadata.java:116)
	at org.springframework.beans.factory.annotation.AutowiredAnnotationBeanPostProcessor.postProcessProperties(AutowiredAnnotationBeanPostProcessor.java:397)
	... 22 common frames omitted
2019-12-04 12:53:56,037 INFO  [restartedMain] ConfirmationApplication: Starting ConfirmationApplication on tbl013 with PID 15077 (/home/exp.exactpro.com/lasha.kapanadze/Desktop/aeeee/confirmation/target/classes started by lasha.kapanadze in /home/exp.exactpro.com/lasha.kapanadze/Desktop/aeeee/confirmation)
2019-12-04 12:53:56,039 DEBUG [restartedMain] ConfirmationApplication: Running with Spring Boot v2.2.1.RELEASE, Spring v5.2.1.RELEASE
2019-12-04 12:53:56,040 INFO  [restartedMain] ConfirmationApplication: No active profile set, falling back to default profiles: default
2019-12-04 12:53:57,453 DEBUG [restartedMain] InternalLoggerFactory: Using SLF4J as the default logging framework
2019-12-04 12:53:59,399 INFO  [restartedMain] ConfirmationApplication: Started ConfirmationApplication in 3.795 seconds (JVM running for 4.188)
2019-12-04 12:53:59,404 DEBUG [restartedMain] RegistrationApplicationListener: Scheduled registration task for every PT10Sms
2019-12-04 12:53:59,465 WARN  [registrationTask1] ApplicationRegistrator: Failed to register application as Application(name=confirmation, managementUrl=http://tbl013:8080/management, healthUrl=http://tbl013:8080/management/health, serviceUrl=http://tbl013:8080/) at spring-boot-admin ([http://localhost:9090/instances]): I/O error on POST request for "http://localhost:9090/instances": Connection refused (Connection refused); nested exception is java.net.ConnectException: Connection refused (Connection refused). Further attempts are logged on DEBUG level
2019-12-04 12:54:09,409 DEBUG [registrationTask1] ApplicationRegistrator: Failed to register application as Application(name=confirmation, managementUrl=http://tbl013:8080/management, healthUrl=http://tbl013:8080/management/health, serviceUrl=http://tbl013:8080/) at spring-boot-admin ([http://localhost:9090/instances]): I/O error on POST request for "http://localhost:9090/instances": Connection refused (Connection refused); nested exception is java.net.ConnectException: Connection refused (Connection refused)
2019-12-04 12:54:19,405 DEBUG [registrationTask1] ApplicationRegistrator: Failed to register application as Application(name=confirmation, managementUrl=http://tbl013:8080/management, healthUrl=http://tbl013:8080/management/health, serviceUrl=http://tbl013:8080/) at spring-boot-admin ([http://localhost:9090/instances]): I/O error on POST request for "http://localhost:9090/instances": Connection refused (Connection refused); nested exception is java.net.ConnectException: Connection refused (Connection refused)
2019-12-04 12:54:29,409 DEBUG [registrationTask1] ApplicationRegistrator: Failed to register application as Application(name=confirmation, managementUrl=http://tbl013:8080/management, healthUrl=http://tbl013:8080/management/health, serviceUrl=http://tbl013:8080/) at spring-boot-admin ([http://localhost:9090/instances]): I/O error on POST request for "http://localhost:9090/instances": Connection refused (Connection refused); nested exception is java.net.ConnectException: Connection refused (Connection refused)
2019-12-04 12:55:15,678 INFO  [restartedMain] ConfirmationApplication: Starting ConfirmationApplication on tbl013 with PID 15317 (/home/exp.exactpro.com/lasha.kapanadze/Desktop/aeeee/confirmation/target/classes started by lasha.kapanadze in /home/exp.exactpro.com/lasha.kapanadze/Desktop/aeeee/confirmation)
2019-12-04 12:55:15,680 DEBUG [restartedMain] ConfirmationApplication: Running with Spring Boot v2.2.1.RELEASE, Spring v5.2.1.RELEASE
2019-12-04 12:55:15,681 INFO  [restartedMain] ConfirmationApplication: No active profile set, falling back to default profiles: default
2019-12-04 12:55:17,023 DEBUG [restartedMain] InternalLoggerFactory: Using SLF4J as the default logging framework
2019-12-04 12:55:18,946 INFO  [restartedMain] ConfirmationApplication: Started ConfirmationApplication in 3.678 seconds (JVM running for 4.125)
2019-12-04 16:59:02,498 INFO  [restartedMain] ConfirmationApplication: Starting ConfirmationApplication on tbl013 with PID 18641 (/home/exp.exactpro.com/lasha.kapanadze/Desktop/aeeee/confirmation/target/classes started by lasha.kapanadze in /home/exp.exactpro.com/lasha.kapanadze/Desktop/aeeee/confirmation)
2019-12-04 16:59:02,500 DEBUG [restartedMain] ConfirmationApplication: Running with Spring Boot v2.2.1.RELEASE, Spring v5.2.1.RELEASE
2019-12-04 16:59:02,501 INFO  [restartedMain] ConfirmationApplication: No active profile set, falling back to default profiles: default
2019-12-04 16:59:04,085 DEBUG [restartedMain] InternalLoggerFactory: Using SLF4J as the default logging framework
2019-12-04 16:59:06,037 DEBUG [restartedMain] AsyncConfiguration: Creating Async Task Executor
2019-12-04 16:59:06,047 WARN  [restartedMain] AnnotationConfigServletWebServerApplicationContext: Exception encountered during context initialization - cancelling refresh attempt: org.springframework.beans.factory.BeanCreationException: Error creating bean with name 'jpaAuditingHandler': Cannot create inner bean '(inner bean)#3a147113' of type [org.springframework.aop.framework.ProxyFactoryBean] while setting bean property 'auditorAware'; nested exception is org.springframework.beans.factory.BeanCreationException: Error creating bean with name '(inner bean)#3a147113': Cannot create inner bean '(inner bean)#7729f5f' of type [org.springframework.aop.target.LazyInitTargetSource] while setting bean property 'targetSource'; nested exception is org.springframework.beans.factory.BeanCreationException: Error creating bean with name '(inner bean)#7729f5f': Initialization of bean failed; nested exception is org.springframework.beans.factory.NoSuchBeanDefinitionException: No bean named 'springSecurityAuditorAware' available
2019-12-04 16:59:06,119 ERROR [restartedMain] LoggingFailureAnalysisReporter: 

***************************
APPLICATION FAILED TO START
***************************

Description:

A component required a bean named 'springSecurityAuditorAware' that could not be found.


Action:

Consider defining a bean named 'springSecurityAuditorAware' in your configuration.

2019-12-04 17:00:52,382 INFO  [restartedMain] ConfirmationApplication: Starting ConfirmationApplication on tbl013 with PID 18905 (/home/exp.exactpro.com/lasha.kapanadze/Desktop/aeeee/confirmation/target/classes started by lasha.kapanadze in /home/exp.exactpro.com/lasha.kapanadze/Desktop/aeeee/confirmation)
2019-12-04 17:00:52,383 DEBUG [restartedMain] ConfirmationApplication: Running with Spring Boot v2.2.1.RELEASE, Spring v5.2.1.RELEASE
2019-12-04 17:00:52,384 INFO  [restartedMain] ConfirmationApplication: No active profile set, falling back to default profiles: default
2019-12-04 17:00:54,032 DEBUG [restartedMain] InternalLoggerFactory: Using SLF4J as the default logging framework
2019-12-04 17:00:55,588 DEBUG [restartedMain] AsyncConfiguration: Creating Async Task Executor
2019-12-04 17:00:56,520 INFO  [restartedMain] ConfirmationApplication: Started ConfirmationApplication in 4.755 seconds (JVM running for 5.318)
2019-12-04 17:02:10,398 INFO  [restartedMain] ConfirmationApplication: Starting ConfirmationApplication on tbl013 with PID 19215 (/home/exp.exactpro.com/lasha.kapanadze/Desktop/aeeee/confirmation/target/classes started by lasha.kapanadze in /home/exp.exactpro.com/lasha.kapanadze/Desktop/aeeee/confirmation)
2019-12-04 17:02:10,400 DEBUG [restartedMain] ConfirmationApplication: Running with Spring Boot v2.2.1.RELEASE, Spring v5.2.1.RELEASE
2019-12-04 17:02:10,400 INFO  [restartedMain] ConfirmationApplication: No active profile set, falling back to default profiles: default
2019-12-04 17:02:11,840 DEBUG [restartedMain] InternalLoggerFactory: Using SLF4J as the default logging framework
2019-12-04 17:02:14,092 DEBUG [restartedMain] AsyncConfiguration: Creating Async Task Executor
2019-12-04 17:02:15,026 INFO  [restartedMain] ConfirmationApplication: Started ConfirmationApplication in 5.092 seconds (JVM running for 5.514)
2019-12-04 17:02:31,481 WARN  [http-nio-8080-exec-1] AdviceTraits: Unsupported Media Type: Content type 'application/octet-stream' not supported
2019-12-04 17:02:31,524 WARN  [http-nio-8080-exec-1] ExceptionHandlerExceptionResolver: Resolved [org.springframework.web.HttpMediaTypeNotSupportedException: Content type 'application/octet-stream' not supported]
2019-12-04 17:03:42,723 INFO  [restartedMain] ConfirmationApplication: Starting ConfirmationApplication on tbl013 with PID 19457 (/home/exp.exactpro.com/lasha.kapanadze/Desktop/aeeee/confirmation/target/classes started by lasha.kapanadze in /home/exp.exactpro.com/lasha.kapanadze/Desktop/aeeee/confirmation)
2019-12-04 17:03:42,731 DEBUG [restartedMain] ConfirmationApplication: Running with Spring Boot v2.2.1.RELEASE, Spring v5.2.1.RELEASE
2019-12-04 17:03:42,736 INFO  [restartedMain] ConfirmationApplication: No active profile set, falling back to default profiles: default
2019-12-04 17:03:44,763 DEBUG [restartedMain] InternalLoggerFactory: Using SLF4J as the default logging framework
2019-12-04 17:03:47,032 DEBUG [restartedMain] AsyncConfiguration: Creating Async Task Executor
2019-12-04 17:03:47,916 INFO  [restartedMain] ConfirmationApplication: Started ConfirmationApplication in 5.994 seconds (JVM running for 6.559)
2019-12-04 17:03:52,789 WARN  [http-nio-8080-exec-1] AdviceTraits: Unsupported Media Type: Content type 'application/octet-stream' not supported
2019-12-04 17:03:52,827 WARN  [http-nio-8080-exec-1] ExceptionHandlerExceptionResolver: Resolved [org.springframework.web.HttpMediaTypeNotSupportedException: Content type 'application/octet-stream' not supported]
2019-12-04 17:04:17,279 INFO  [restartedMain] ConfirmationApplication: Starting ConfirmationApplication on tbl013 with PID 19746 (/home/exp.exactpro.com/lasha.kapanadze/Desktop/aeeee/confirmation/target/classes started by lasha.kapanadze in /home/exp.exactpro.com/lasha.kapanadze/Desktop/aeeee/confirmation)
2019-12-04 17:04:17,281 DEBUG [restartedMain] ConfirmationApplication: Running with Spring Boot v2.2.1.RELEASE, Spring v5.2.1.RELEASE
2019-12-04 17:04:17,281 INFO  [restartedMain] ConfirmationApplication: No active profile set, falling back to default profiles: default
2019-12-04 17:04:18,708 DEBUG [restartedMain] InternalLoggerFactory: Using SLF4J as the default logging framework
2019-12-04 17:04:20,292 DEBUG [restartedMain] AsyncConfiguration: Creating Async Task Executor
2019-12-04 17:04:21,294 INFO  [restartedMain] ConfirmationApplication: Started ConfirmationApplication in 4.435 seconds (JVM running for 4.911)
2019-12-04 17:04:26,262 WARN  [http-nio-8080-exec-1] AdviceTraits: Unsupported Media Type: Content type 'application/octet-stream' not supported
2019-12-04 17:04:26,303 WARN  [http-nio-8080-exec-1] ExceptionHandlerExceptionResolver: Resolved [org.springframework.web.HttpMediaTypeNotSupportedException: Content type 'application/octet-stream' not supported]
2019-12-04 17:04:37,271 DEBUG [confirmhip-task-1] MailService: Sending activation email to 'lashakap1@gmail.com'
2019-12-04 17:04:37,273 ERROR [confirmhip-task-1] SimpleAsyncUncaughtExceptionHandler: Unexpected exception occurred invoking async method: public void com.biwise.confirmation.service.MailService.sendActivationEmail(com.biwise.confirmation.domain.dto.UserDto)
java.lang.NullPointerException: null
	at sun.util.locale.LocaleUtils.toLowerString(LocaleUtils.java:89)
	at sun.util.locale.LanguageTag.parse(LanguageTag.java:191)
	at java.util.Locale.forLanguageTag(Locale.java:1568)
	at com.biwise.confirmation.service.MailService.sendEmailFromTemplate(MailService.java:73)
	at com.biwise.confirmation.service.MailService.sendActivationEmail(MailService.java:85)
	at com.biwise.confirmation.service.MailService$$FastClassBySpringCGLIB$$fe4484a2.invoke(<generated>)
	at org.springframework.cglib.proxy.MethodProxy.invoke(MethodProxy.java:218)
	at org.springframework.aop.framework.CglibAopProxy$CglibMethodInvocation.invokeJoinpoint(CglibAopProxy.java:769)
	at org.springframework.aop.framework.ReflectiveMethodInvocation.proceed(ReflectiveMethodInvocation.java:163)
	at org.springframework.aop.framework.CglibAopProxy$CglibMethodInvocation.proceed(CglibAopProxy.java:747)
	at org.springframework.aop.interceptor.AsyncExecutionInterceptor.lambda$invoke$0(AsyncExecutionInterceptor.java:115)
	at java.util.concurrent.FutureTask.run(FutureTask.java:266)
	at com.biwise.confirmation.config.ExceptionHandlingAsyncTaskExecutor.lambda$createWrappedRunnable$1(ExceptionHandlingAsyncTaskExecutor.java:46)
	at java.util.concurrent.ThreadPoolExecutor.runWorker(ThreadPoolExecutor.java:1149)
	at java.util.concurrent.ThreadPoolExecutor$Worker.run(ThreadPoolExecutor.java:624)
	at java.lang.Thread.run(Thread.java:748)
2019-12-04 17:05:17,821 INFO  [restartedMain] ConfirmationApplication: Starting ConfirmationApplication on tbl013 with PID 21037 (/home/exp.exactpro.com/lasha.kapanadze/Desktop/aeeee/confirmation/target/classes started by lasha.kapanadze in /home/exp.exactpro.com/lasha.kapanadze/Desktop/aeeee/confirmation)
2019-12-04 17:05:17,824 DEBUG [restartedMain] ConfirmationApplication: Running with Spring Boot v2.2.1.RELEASE, Spring v5.2.1.RELEASE
2019-12-04 17:05:17,825 INFO  [restartedMain] ConfirmationApplication: No active profile set, falling back to default profiles: default
2019-12-04 17:05:19,267 DEBUG [restartedMain] InternalLoggerFactory: Using SLF4J as the default logging framework
2019-12-04 17:05:20,852 DEBUG [restartedMain] AsyncConfiguration: Creating Async Task Executor
2019-12-04 17:05:21,818 INFO  [restartedMain] ConfirmationApplication: Started ConfirmationApplication in 4.461 seconds (JVM running for 4.881)
2019-12-04 17:05:27,908 ERROR [http-nio-8080-exec-1] AdviceTraits: Internal Server Error
com.biwise.confirmation.service.EmailAlreadyUsedException: Email is already in use!
	at com.biwise.confirmation.controller.AccountController.registerUser(AccountController.java:126)
	at sun.reflect.NativeMethodAccessorImpl.invoke0(Native Method)
	at sun.reflect.NativeMethodAccessorImpl.invoke(NativeMethodAccessorImpl.java:62)
	at sun.reflect.DelegatingMethodAccessorImpl.invoke(DelegatingMethodAccessorImpl.java:43)
	at java.lang.reflect.Method.invoke(Method.java:498)
	at org.springframework.web.method.support.InvocableHandlerMethod.doInvoke(InvocableHandlerMethod.java:190)
	at org.springframework.web.method.support.InvocableHandlerMethod.invokeForRequest(InvocableHandlerMethod.java:138)
	at org.springframework.web.servlet.mvc.method.annotation.ServletInvocableHandlerMethod.invokeAndHandle(ServletInvocableHandlerMethod.java:106)
	at org.springframework.web.servlet.mvc.method.annotation.RequestMappingHandlerAdapter.invokeHandlerMethod(RequestMappingHandlerAdapter.java:888)
	at org.springframework.web.servlet.mvc.method.annotation.RequestMappingHandlerAdapter.handleInternal(RequestMappingHandlerAdapter.java:793)
	at org.springframework.web.servlet.mvc.method.AbstractHandlerMethodAdapter.handle(AbstractHandlerMethodAdapter.java:87)
	at org.springframework.web.servlet.DispatcherServlet.doDispatch(DispatcherServlet.java:1040)
	at org.springframework.web.servlet.DispatcherServlet.doService(DispatcherServlet.java:943)
	at org.springframework.web.servlet.FrameworkServlet.processRequest(FrameworkServlet.java:1006)
	at org.springframework.web.servlet.FrameworkServlet.doPost(FrameworkServlet.java:909)
	at javax.servlet.http.HttpServlet.service(HttpServlet.java:660)
	at org.springframework.web.servlet.FrameworkServlet.service(FrameworkServlet.java:883)
	at javax.servlet.http.HttpServlet.service(HttpServlet.java:741)
	at org.apache.catalina.core.ApplicationFilterChain.internalDoFilter(ApplicationFilterChain.java:231)
	at org.apache.catalina.core.ApplicationFilterChain.doFilter(ApplicationFilterChain.java:166)
	at org.apache.tomcat.websocket.server.WsFilter.doFilter(WsFilter.java:53)
	at org.apache.catalina.core.ApplicationFilterChain.internalDoFilter(ApplicationFilterChain.java:193)
	at org.apache.catalina.core.ApplicationFilterChain.doFilter(ApplicationFilterChain.java:166)
	at org.springframework.security.web.FilterChainProxy$VirtualFilterChain.doFilter(FilterChainProxy.java:320)
	at org.springframework.security.web.access.intercept.FilterSecurityInterceptor.invoke(FilterSecurityInterceptor.java:126)
	at org.springframework.security.web.access.intercept.FilterSecurityInterceptor.doFilter(FilterSecurityInterceptor.java:90)
	at org.springframework.security.web.FilterChainProxy$VirtualFilterChain.doFilter(FilterChainProxy.java:334)
	at org.springframework.security.web.access.ExceptionTranslationFilter.doFilter(ExceptionTranslationFilter.java:118)
	at org.springframework.security.web.FilterChainProxy$VirtualFilterChain.doFilter(FilterChainProxy.java:334)
	at org.springframework.security.web.session.SessionManagementFilter.doFilter(SessionManagementFilter.java:137)
	at org.springframework.security.web.FilterChainProxy$VirtualFilterChain.doFilter(FilterChainProxy.java:334)
	at org.springframework.security.web.authentication.AnonymousAuthenticationFilter.doFilter(AnonymousAuthenticationFilter.java:111)
	at org.springframework.security.web.FilterChainProxy$VirtualFilterChain.doFilter(FilterChainProxy.java:334)
	at org.springframework.security.web.servletapi.SecurityContextHolderAwareRequestFilter.doFilter(SecurityContextHolderAwareRequestFilter.java:158)
	at org.springframework.security.web.FilterChainProxy$VirtualFilterChain.doFilter(FilterChainProxy.java:334)
	at org.springframework.security.web.savedrequest.RequestCacheAwareFilter.doFilter(RequestCacheAwareFilter.java:63)
	at org.springframework.security.web.FilterChainProxy$VirtualFilterChain.doFilter(FilterChainProxy.java:334)
	at com.biwise.confirmation.security.AuthorizationFilter.doFilterInternal(AuthorizationFilter.java:25)
	at org.springframework.web.filter.OncePerRequestFilter.doFilter(OncePerRequestFilter.java:119)
	at org.springframework.security.web.FilterChainProxy$VirtualFilterChain.doFilter(FilterChainProxy.java:334)
	at org.springframework.security.web.authentication.AbstractAuthenticationProcessingFilter.doFilter(AbstractAuthenticationProcessingFilter.java:200)
	at org.springframework.security.web.FilterChainProxy$VirtualFilterChain.doFilter(FilterChainProxy.java:334)
	at org.springframework.security.web.authentication.logout.LogoutFilter.doFilter(LogoutFilter.java:116)
	at org.springframework.security.web.FilterChainProxy$VirtualFilterChain.doFilter(FilterChainProxy.java:334)
	at org.springframework.security.web.header.HeaderWriterFilter.doHeadersAfter(HeaderWriterFilter.java:92)
	at org.springframework.security.web.header.HeaderWriterFilter.doFilterInternal(HeaderWriterFilter.java:77)
	at org.springframework.web.filter.OncePerRequestFilter.doFilter(OncePerRequestFilter.java:119)
	at org.springframework.security.web.FilterChainProxy$VirtualFilterChain.doFilter(FilterChainProxy.java:334)
	at org.springframework.security.web.context.SecurityContextPersistenceFilter.doFilter(SecurityContextPersistenceFilter.java:105)
	at org.springframework.security.web.FilterChainProxy$VirtualFilterChain.doFilter(FilterChainProxy.java:334)
	at org.springframework.security.web.context.request.async.WebAsyncManagerIntegrationFilter.doFilterInternal(WebAsyncManagerIntegrationFilter.java:56)
	at org.springframework.web.filter.OncePerRequestFilter.doFilter(OncePerRequestFilter.java:119)
	at org.springframework.security.web.FilterChainProxy$VirtualFilterChain.doFilter(FilterChainProxy.java:334)
	at org.springframework.security.web.FilterChainProxy.doFilterInternal(FilterChainProxy.java:215)
	at org.springframework.security.web.FilterChainProxy.doFilter(FilterChainProxy.java:178)
	at org.springframework.web.filter.DelegatingFilterProxy.invokeDelegate(DelegatingFilterProxy.java:358)
	at org.springframework.web.filter.DelegatingFilterProxy.doFilter(DelegatingFilterProxy.java:271)
	at org.apache.catalina.core.ApplicationFilterChain.internalDoFilter(ApplicationFilterChain.java:193)
	at org.apache.catalina.core.ApplicationFilterChain.doFilter(ApplicationFilterChain.java:166)
	at org.springframework.web.filter.RequestContextFilter.doFilterInternal(RequestContextFilter.java:100)
	at org.springframework.web.filter.OncePerRequestFilter.doFilter(OncePerRequestFilter.java:119)
	at org.apache.catalina.core.ApplicationFilterChain.internalDoFilter(ApplicationFilterChain.java:193)
	at org.apache.catalina.core.ApplicationFilterChain.doFilter(ApplicationFilterChain.java:166)
	at org.springframework.web.filter.FormContentFilter.doFilterInternal(FormContentFilter.java:93)
	at org.springframework.web.filter.OncePerRequestFilter.doFilter(OncePerRequestFilter.java:119)
	at org.apache.catalina.core.ApplicationFilterChain.internalDoFilter(ApplicationFilterChain.java:193)
	at org.apache.catalina.core.ApplicationFilterChain.doFilter(ApplicationFilterChain.java:166)
	at org.springframework.boot.actuate.metrics.web.servlet.WebMvcMetricsFilter.doFilterInternal(WebMvcMetricsFilter.java:108)
	at org.springframework.web.filter.OncePerRequestFilter.doFilter(OncePerRequestFilter.java:119)
	at org.apache.catalina.core.ApplicationFilterChain.internalDoFilter(ApplicationFilterChain.java:193)
	at org.apache.catalina.core.ApplicationFilterChain.doFilter(ApplicationFilterChain.java:166)
	at org.springframework.web.filter.CharacterEncodingFilter.doFilterInternal(CharacterEncodingFilter.java:201)
	at org.springframework.web.filter.OncePerRequestFilter.doFilter(OncePerRequestFilter.java:119)
	at org.apache.catalina.core.ApplicationFilterChain.internalDoFilter(ApplicationFilterChain.java:193)
	at org.apache.catalina.core.ApplicationFilterChain.doFilter(ApplicationFilterChain.java:166)
	at org.apache.catalina.core.StandardWrapperValve.invoke(StandardWrapperValve.java:202)
	at org.apache.catalina.core.StandardContextValve.invoke(StandardContextValve.java:96)
	at org.apache.catalina.authenticator.AuthenticatorBase.invoke(AuthenticatorBase.java:526)
	at org.apache.catalina.core.StandardHostValve.invoke(StandardHostValve.java:139)
	at org.apache.catalina.valves.ErrorReportValve.invoke(ErrorReportValve.java:92)
	at org.apache.catalina.core.StandardEngineValve.invoke(StandardEngineValve.java:74)
	at org.apache.catalina.connector.CoyoteAdapter.service(CoyoteAdapter.java:343)
	at org.apache.coyote.http11.Http11Processor.service(Http11Processor.java:408)
	at org.apache.coyote.AbstractProcessorLight.process(AbstractProcessorLight.java:66)
	at org.apache.coyote.AbstractProtocol$ConnectionHandler.process(AbstractProtocol.java:861)
	at org.apache.tomcat.util.net.NioEndpoint$SocketProcessor.doRun(NioEndpoint.java:1579)
	at org.apache.tomcat.util.net.SocketProcessorBase.run(SocketProcessorBase.java:49)
	at java.util.concurrent.ThreadPoolExecutor.runWorker(ThreadPoolExecutor.java:1149)
	at java.util.concurrent.ThreadPoolExecutor$Worker.run(ThreadPoolExecutor.java:624)
	at org.apache.tomcat.util.threads.TaskThread$WrappingRunnable.run(TaskThread.java:61)
	at java.lang.Thread.run(Thread.java:748)
2019-12-04 17:05:27,944 WARN  [http-nio-8080-exec-1] ExceptionHandlerExceptionResolver: Resolved [com.biwise.confirmation.service.EmailAlreadyUsedException: Email is already in use!]
2019-12-04 17:09:59,230 INFO  [restartedMain] ConfirmationApplication: Starting ConfirmationApplication on tbl013 with PID 21734 (/home/exp.exactpro.com/lasha.kapanadze/Desktop/aeeee/confirmation/target/classes started by lasha.kapanadze in /home/exp.exactpro.com/lasha.kapanadze/Desktop/aeeee/confirmation)
2019-12-04 17:09:59,232 DEBUG [restartedMain] ConfirmationApplication: Running with Spring Boot v2.2.1.RELEASE, Spring v5.2.1.RELEASE
2019-12-04 17:09:59,232 INFO  [restartedMain] ConfirmationApplication: No active profile set, falling back to default profiles: default
2019-12-04 17:10:01,023 DEBUG [restartedMain] InternalLoggerFactory: Using SLF4J as the default logging framework
2019-12-04 17:10:02,530 DEBUG [restartedMain] AsyncConfiguration: Creating Async Task Executor
2019-12-04 17:10:03,438 INFO  [restartedMain] ConfirmationApplication: Started ConfirmationApplication in 4.763 seconds (JVM running for 5.197)
2019-12-04 17:10:09,075 ERROR [http-nio-8080-exec-1] HeaderUtils: Entity processing failed, Email is already in use!
2019-12-04 17:10:09,077 WARN  [http-nio-8080-exec-1] AdviceTraits: Bad Request: Email is already in use!
2019-12-04 17:10:09,115 WARN  [http-nio-8080-exec-1] ExceptionHandlerExceptionResolver: Resolved [https://www.localhost:9090/problem/email-already-used{400, Email is already in use!, message=error.emailexists, params=userManagement}]
2019-12-04 17:10:38,047 INFO  [restartedMain] ConfirmationApplication: Starting ConfirmationApplication on tbl013 with PID 21989 (/home/exp.exactpro.com/lasha.kapanadze/Desktop/aeeee/confirmation/target/classes started by lasha.kapanadze in /home/exp.exactpro.com/lasha.kapanadze/Desktop/aeeee/confirmation)
2019-12-04 17:10:38,049 DEBUG [restartedMain] ConfirmationApplication: Running with Spring Boot v2.2.1.RELEASE, Spring v5.2.1.RELEASE
2019-12-04 17:10:38,049 INFO  [restartedMain] ConfirmationApplication: No active profile set, falling back to default profiles: default
2019-12-04 17:10:39,247 DEBUG [restartedMain] InternalLoggerFactory: Using SLF4J as the default logging framework
2019-12-04 17:10:41,312 DEBUG [restartedMain] AsyncConfiguration: Creating Async Task Executor
2019-12-04 17:10:42,256 INFO  [restartedMain] ConfirmationApplication: Started ConfirmationApplication in 4.689 seconds (JVM running for 5.159)
2019-12-04 17:11:12,765 DEBUG [confirmhip-task-1] MailService: Sending activation email to 'lashakap1@gmail.com'
2019-12-04 17:11:13,133 ERROR [confirmhip-task-1] TemplateEngine: [THYMELEAF][confirmhip-task-1] Exception processing template "mail/activationEmail": An error happened during template parsing (template: "class path resource [templates/mail/activationEmail.html]")
org.thymeleaf.exceptions.TemplateInputException: An error happened during template parsing (template: "class path resource [templates/mail/activationEmail.html]")
	at org.thymeleaf.templateparser.markup.AbstractMarkupTemplateParser.parse(AbstractMarkupTemplateParser.java:241)
	at org.thymeleaf.templateparser.markup.AbstractMarkupTemplateParser.parseStandalone(AbstractMarkupTemplateParser.java:100)
	at org.thymeleaf.engine.TemplateManager.parseAndProcess(TemplateManager.java:666)
	at org.thymeleaf.TemplateEngine.process(TemplateEngine.java:1098)
	at org.thymeleaf.TemplateEngine.process(TemplateEngine.java:1059)
	at org.thymeleaf.TemplateEngine.process(TemplateEngine.java:1048)
	at com.biwise.confirmation.service.MailService.sendEmailFromTemplate(MailService.java:77)
	at com.biwise.confirmation.service.MailService.sendActivationEmail(MailService.java:85)
	at com.biwise.confirmation.service.MailService$$FastClassBySpringCGLIB$$fe4484a2.invoke(<generated>)
	at org.springframework.cglib.proxy.MethodProxy.invoke(MethodProxy.java:218)
	at org.springframework.aop.framework.CglibAopProxy$CglibMethodInvocation.invokeJoinpoint(CglibAopProxy.java:769)
	at org.springframework.aop.framework.ReflectiveMethodInvocation.proceed(ReflectiveMethodInvocation.java:163)
	at org.springframework.aop.framework.CglibAopProxy$CglibMethodInvocation.proceed(CglibAopProxy.java:747)
	at org.springframework.aop.interceptor.AsyncExecutionInterceptor.lambda$invoke$0(AsyncExecutionInterceptor.java:115)
	at java.util.concurrent.FutureTask.run(FutureTask.java:266)
	at com.biwise.confirmation.config.ExceptionHandlingAsyncTaskExecutor.lambda$createWrappedRunnable$1(ExceptionHandlingAsyncTaskExecutor.java:46)
	at java.util.concurrent.ThreadPoolExecutor.runWorker(ThreadPoolExecutor.java:1149)
	at java.util.concurrent.ThreadPoolExecutor$Worker.run(ThreadPoolExecutor.java:624)
	at java.lang.Thread.run(Thread.java:748)
Caused by: org.attoparser.ParseException: Exception evaluating SpringEL expression: "user.login" (template: "mail/activationEmail" - line 9, col 12)
	at org.attoparser.MarkupParser.parseDocument(MarkupParser.java:393)
	at org.attoparser.MarkupParser.parse(MarkupParser.java:257)
	at org.thymeleaf.templateparser.markup.AbstractMarkupTemplateParser.parse(AbstractMarkupTemplateParser.java:230)
	... 18 common frames omitted
Caused by: org.thymeleaf.exceptions.TemplateProcessingException: Exception evaluating SpringEL expression: "user.login" (template: "mail/activationEmail" - line 9, col 12)
	at org.thymeleaf.spring5.expression.SPELVariableExpressionEvaluator.evaluate(SPELVariableExpressionEvaluator.java:290)
	at org.thymeleaf.standard.expression.VariableExpression.executeVariableExpression(VariableExpression.java:166)
	at org.thymeleaf.standard.expression.SimpleExpression.executeSimple(SimpleExpression.java:66)
	at org.thymeleaf.standard.expression.Expression.execute(Expression.java:109)
	at org.thymeleaf.standard.expression.Expression.execute(Expression.java:138)
	at org.thymeleaf.standard.expression.MessageExpression.executeMessageExpression(MessageExpression.java:256)
	at org.thymeleaf.standard.expression.SimpleExpression.executeSimple(SimpleExpression.java:69)
	at org.thymeleaf.standard.expression.Expression.execute(Expression.java:109)
	at org.thymeleaf.standard.expression.Expression.execute(Expression.java:138)
	at org.thymeleaf.standard.processor.AbstractStandardExpressionAttributeTagProcessor.doProcess(AbstractStandardExpressionAttributeTagProcessor.java:144)
	at org.thymeleaf.processor.element.AbstractAttributeTagProcessor.doProcess(AbstractAttributeTagProcessor.java:74)
	at org.thymeleaf.processor.element.AbstractElementTagProcessor.process(AbstractElementTagProcessor.java:95)
	at org.thymeleaf.util.ProcessorConfigurationUtils$ElementTagProcessorWrapper.process(ProcessorConfigurationUtils.java:633)
	at org.thymeleaf.engine.ProcessorTemplateHandler.handleOpenElement(ProcessorTemplateHandler.java:1314)
	at org.thymeleaf.engine.TemplateHandlerAdapterMarkupHandler.handleOpenElementEnd(TemplateHandlerAdapterMarkupHandler.java:304)
	at org.thymeleaf.templateparser.markup.InlinedOutputExpressionMarkupHandler$InlineMarkupAdapterPreProcessorHandler.handleOpenElementEnd(InlinedOutputExpressionMarkupHandler.java:278)
	at org.thymeleaf.standard.inline.OutputExpressionInlinePreProcessorHandler.handleOpenElementEnd(OutputExpressionInlinePreProcessorHandler.java:186)
	at org.thymeleaf.templateparser.markup.InlinedOutputExpressionMarkupHandler.handleOpenElementEnd(InlinedOutputExpressionMarkupHandler.java:124)
	at org.attoparser.HtmlElement.handleOpenElementEnd(HtmlElement.java:109)
	at org.attoparser.HtmlMarkupHandler.handleOpenElementEnd(HtmlMarkupHandler.java:297)
	at org.attoparser.MarkupEventProcessorHandler.handleOpenElementEnd(MarkupEventProcessorHandler.java:402)
	at org.attoparser.ParsingElementMarkupUtil.parseOpenElement(ParsingElementMarkupUtil.java:159)
	at org.attoparser.MarkupParser.parseBuffer(MarkupParser.java:710)
	at org.attoparser.MarkupParser.parseDocument(MarkupParser.java:301)
	... 20 common frames omitted
Caused by: org.springframework.expression.spel.SpelEvaluationException: EL1008E: Property or field 'login' cannot be found on object of type 'com.biwise.confirmation.domain.dto.UserDto' - maybe not public or not valid?
	at org.springframework.expression.spel.ast.PropertyOrFieldReference.readProperty(PropertyOrFieldReference.java:217)
	at org.springframework.expression.spel.ast.PropertyOrFieldReference.getValueInternal(PropertyOrFieldReference.java:104)
	at org.springframework.expression.spel.ast.PropertyOrFieldReference.access$000(PropertyOrFieldReference.java:51)
	at org.springframework.expression.spel.ast.PropertyOrFieldReference$AccessorLValue.getValue(PropertyOrFieldReference.java:406)
	at org.springframework.expression.spel.ast.CompoundExpression.getValueInternal(CompoundExpression.java:92)
	at org.springframework.expression.spel.ast.SpelNodeImpl.getValue(SpelNodeImpl.java:112)
	at org.springframework.expression.spel.standard.SpelExpression.getValue(SpelExpression.java:330)
	at org.thymeleaf.spring5.expression.SPELVariableExpressionEvaluator.evaluate(SPELVariableExpressionEvaluator.java:263)
	... 43 common frames omitted
2019-12-04 17:11:13,134 ERROR [confirmhip-task-1] SimpleAsyncUncaughtExceptionHandler: Unexpected exception occurred invoking async method: public void com.biwise.confirmation.service.MailService.sendActivationEmail(com.biwise.confirmation.domain.dto.UserDto)
org.thymeleaf.exceptions.TemplateInputException: An error happened during template parsing (template: "class path resource [templates/mail/activationEmail.html]")
	at org.thymeleaf.templateparser.markup.AbstractMarkupTemplateParser.parse(AbstractMarkupTemplateParser.java:241)
	at org.thymeleaf.templateparser.markup.AbstractMarkupTemplateParser.parseStandalone(AbstractMarkupTemplateParser.java:100)
	at org.thymeleaf.engine.TemplateManager.parseAndProcess(TemplateManager.java:666)
	at org.thymeleaf.TemplateEngine.process(TemplateEngine.java:1098)
	at org.thymeleaf.TemplateEngine.process(TemplateEngine.java:1059)
	at org.thymeleaf.TemplateEngine.process(TemplateEngine.java:1048)
	at com.biwise.confirmation.service.MailService.sendEmailFromTemplate(MailService.java:77)
	at com.biwise.confirmation.service.MailService.sendActivationEmail(MailService.java:85)
	at com.biwise.confirmation.service.MailService$$FastClassBySpringCGLIB$$fe4484a2.invoke(<generated>)
	at org.springframework.cglib.proxy.MethodProxy.invoke(MethodProxy.java:218)
	at org.springframework.aop.framework.CglibAopProxy$CglibMethodInvocation.invokeJoinpoint(CglibAopProxy.java:769)
	at org.springframework.aop.framework.ReflectiveMethodInvocation.proceed(ReflectiveMethodInvocation.java:163)
	at org.springframework.aop.framework.CglibAopProxy$CglibMethodInvocation.proceed(CglibAopProxy.java:747)
	at org.springframework.aop.interceptor.AsyncExecutionInterceptor.lambda$invoke$0(AsyncExecutionInterceptor.java:115)
	at java.util.concurrent.FutureTask.run(FutureTask.java:266)
	at com.biwise.confirmation.config.ExceptionHandlingAsyncTaskExecutor.lambda$createWrappedRunnable$1(ExceptionHandlingAsyncTaskExecutor.java:46)
	at java.util.concurrent.ThreadPoolExecutor.runWorker(ThreadPoolExecutor.java:1149)
	at java.util.concurrent.ThreadPoolExecutor$Worker.run(ThreadPoolExecutor.java:624)
	at java.lang.Thread.run(Thread.java:748)
Caused by: org.attoparser.ParseException: Exception evaluating SpringEL expression: "user.login" (template: "mail/activationEmail" - line 9, col 12)
	at org.attoparser.MarkupParser.parseDocument(MarkupParser.java:393)
	at org.attoparser.MarkupParser.parse(MarkupParser.java:257)
	at org.thymeleaf.templateparser.markup.AbstractMarkupTemplateParser.parse(AbstractMarkupTemplateParser.java:230)
	... 18 common frames omitted
Caused by: org.thymeleaf.exceptions.TemplateProcessingException: Exception evaluating SpringEL expression: "user.login" (template: "mail/activationEmail" - line 9, col 12)
	at org.thymeleaf.spring5.expression.SPELVariableExpressionEvaluator.evaluate(SPELVariableExpressionEvaluator.java:290)
	at org.thymeleaf.standard.expression.VariableExpression.executeVariableExpression(VariableExpression.java:166)
	at org.thymeleaf.standard.expression.SimpleExpression.executeSimple(SimpleExpression.java:66)
	at org.thymeleaf.standard.expression.Expression.execute(Expression.java:109)
	at org.thymeleaf.standard.expression.Expression.execute(Expression.java:138)
	at org.thymeleaf.standard.expression.MessageExpression.executeMessageExpression(MessageExpression.java:256)
	at org.thymeleaf.standard.expression.SimpleExpression.executeSimple(SimpleExpression.java:69)
	at org.thymeleaf.standard.expression.Expression.execute(Expression.java:109)
	at org.thymeleaf.standard.expression.Expression.execute(Expression.java:138)
	at org.thymeleaf.standard.processor.AbstractStandardExpressionAttributeTagProcessor.doProcess(AbstractStandardExpressionAttributeTagProcessor.java:144)
	at org.thymeleaf.processor.element.AbstractAttributeTagProcessor.doProcess(AbstractAttributeTagProcessor.java:74)
	at org.thymeleaf.processor.element.AbstractElementTagProcessor.process(AbstractElementTagProcessor.java:95)
	at org.thymeleaf.util.ProcessorConfigurationUtils$ElementTagProcessorWrapper.process(ProcessorConfigurationUtils.java:633)
	at org.thymeleaf.engine.ProcessorTemplateHandler.handleOpenElement(ProcessorTemplateHandler.java:1314)
	at org.thymeleaf.engine.TemplateHandlerAdapterMarkupHandler.handleOpenElementEnd(TemplateHandlerAdapterMarkupHandler.java:304)
	at org.thymeleaf.templateparser.markup.InlinedOutputExpressionMarkupHandler$InlineMarkupAdapterPreProcessorHandler.handleOpenElementEnd(InlinedOutputExpressionMarkupHandler.java:278)
	at org.thymeleaf.standard.inline.OutputExpressionInlinePreProcessorHandler.handleOpenElementEnd(OutputExpressionInlinePreProcessorHandler.java:186)
	at org.thymeleaf.templateparser.markup.InlinedOutputExpressionMarkupHandler.handleOpenElementEnd(InlinedOutputExpressionMarkupHandler.java:124)
	at org.attoparser.HtmlElement.handleOpenElementEnd(HtmlElement.java:109)
	at org.attoparser.HtmlMarkupHandler.handleOpenElementEnd(HtmlMarkupHandler.java:297)
	at org.attoparser.MarkupEventProcessorHandler.handleOpenElementEnd(MarkupEventProcessorHandler.java:402)
	at org.attoparser.ParsingElementMarkupUtil.parseOpenElement(ParsingElementMarkupUtil.java:159)
	at org.attoparser.MarkupParser.parseBuffer(MarkupParser.java:710)
	at org.attoparser.MarkupParser.parseDocument(MarkupParser.java:301)
	... 20 common frames omitted
Caused by: org.springframework.expression.spel.SpelEvaluationException: EL1008E: Property or field 'login' cannot be found on object of type 'com.biwise.confirmation.domain.dto.UserDto' - maybe not public or not valid?
	at org.springframework.expression.spel.ast.PropertyOrFieldReference.readProperty(PropertyOrFieldReference.java:217)
	at org.springframework.expression.spel.ast.PropertyOrFieldReference.getValueInternal(PropertyOrFieldReference.java:104)
	at org.springframework.expression.spel.ast.PropertyOrFieldReference.access$000(PropertyOrFieldReference.java:51)
	at org.springframework.expression.spel.ast.PropertyOrFieldReference$AccessorLValue.getValue(PropertyOrFieldReference.java:406)
	at org.springframework.expression.spel.ast.CompoundExpression.getValueInternal(CompoundExpression.java:92)
	at org.springframework.expression.spel.ast.SpelNodeImpl.getValue(SpelNodeImpl.java:112)
	at org.springframework.expression.spel.standard.SpelExpression.getValue(SpelExpression.java:330)
	at org.thymeleaf.spring5.expression.SPELVariableExpressionEvaluator.evaluate(SPELVariableExpressionEvaluator.java:263)
	... 43 common frames omitted
